<?xml version="1.0" encoding="UTF-8"?>
<robot generator="Robot 4.1.2 (Python 3.8.3 on darwin)" generated="20211125 01:49:13.581" rpa="false" schemaversion="2">
<suite id="s1" name="Tests" source="/Users/gabriela/Documents/test-qa/tests">
<suite id="s1-s1" name="Create movement" source="/Users/gabriela/Documents/test-qa/tests/Create_movement.robot">
<test id="s1-s1-t1" name="Create movements">
<kw name="Open browser" library="Login">
<arg>${START_URL}</arg>
<kw name="New Browser" library="Browser">
<arg>headless=false</arg>
<tag>BrowserControl</tag>
<tag>Setter</tag>
<doc>Create a new playwright Browser with specified options.</doc>
<msg timestamp="20211125 01:49:15.020" level="INFO">{"browser": "chromium", "headless": false, "handleSIGINT": true, "handleSIGTERM": true, "handleSIGHUP": true, "timeout": 30000.0, "devtools": false, "slowMo": 0.0, "tracesDir": "/Users/gabriela/Documents/test-qa/browser/traces/afba03ac-a7c4-40a7-8909-afdd57a05320"}</msg>
<msg timestamp="20211125 01:49:17.571" level="INFO">Successfully created browser with options: {"browser":"chromium","headless":false,"handleSIGINT":true,"handleSIGTERM":true,"handleSIGHUP":true,"timeout":30000,"devtools":false,"slowMo":0,"tracesDir":"/Users/gabriela/Documents/test-qa/browser/traces/afba03ac-a7c4-40a7-8909-afdd57a05320"}</msg>
<status status="PASS" starttime="20211125 01:49:15.018" endtime="20211125 01:49:17.572"/>
</kw>
<kw name="New Page" library="Browser">
<arg>${START_URL}</arg>
<tag>BrowserControl</tag>
<tag>Setter</tag>
<doc>Open a new Page. A Page is the Playwright equivalent to a tab.
See `Browser, Context and Page` for more information about Page concept.
Returns a stable identifier for the created page.</doc>
<msg timestamp="20211125 01:49:21.297" level="INFO">Successfully initialized new page object and opened url: https://seubarriga.wcaquino.me/login</msg>
<msg timestamp="20211125 01:49:21.297" level="INFO">No context was open. New context was automatically opened when this page is created.</msg>
<status status="PASS" starttime="20211125 01:49:17.572" endtime="20211125 01:49:21.298"/>
</kw>
<status status="PASS" starttime="20211125 01:49:15.017" endtime="20211125 01:49:21.298"/>
</kw>
<kw name="Sign up" library="Signup">
<arg>${user_name}</arg>
<arg>${email}</arg>
<arg>${password}</arg>
<kw name="Click" library="Browser">
<arg>${seuBarriga_text_new_user}</arg>
<tag>PageContent</tag>
<tag>Setter</tag>
<doc>Simulates mouse click on the element found by ``selector``.</doc>
<status status="PASS" starttime="20211125 01:49:21.301" endtime="20211125 01:49:21.807"/>
</kw>
<kw name="Wait For Elements State" library="Browser">
<arg>${seuBarriga_text_new_user}</arg>
<arg>visible</arg>
<tag>PageContent</tag>
<tag>Wait</tag>
<doc>Waits for the element found by ``selector`` to satisfy state option.</doc>
<msg timestamp="20211125 01:49:21.886" level="INFO">Waited for Element with selector xpath=//a[text()='Novo usuário?'] at state visible</msg>
<status status="PASS" starttime="20211125 01:49:21.808" endtime="20211125 01:49:21.887"/>
</kw>
<kw name="Get Text" library="Browser">
<var>${text_login}</var>
<arg>${seuBarriga_text_new_user}</arg>
<tag>Assertion</tag>
<tag>Getter</tag>
<tag>PageContent</tag>
<doc>Returns text attribute of the element found by ``selector``.</doc>
<msg timestamp="20211125 01:49:21.930" level="INFO">${text_login} = Novo usuário?</msg>
<status status="PASS" starttime="20211125 01:49:21.887" endtime="20211125 01:49:21.930"/>
</kw>
<kw name="Should Be Equal" library="BuiltIn">
<arg>${text_login}</arg>
<arg>Novo usuário?</arg>
<doc>Fails if the given objects are unequal.</doc>
<status status="PASS" starttime="20211125 01:49:21.930" endtime="20211125 01:49:21.931"/>
</kw>
<kw name="Fill Text" library="Browser">
<arg>${input_name}</arg>
<arg>${user_name}</arg>
<tag>PageContent</tag>
<tag>Setter</tag>
<doc>Clears and fills the given ``txt`` into the text field found by ``selector``.</doc>
<msg timestamp="20211125 01:49:21.931" level="INFO">Fills the text 'Gabriela Olson' in the given field.</msg>
<status status="PASS" starttime="20211125 01:49:21.931" endtime="20211125 01:49:22.000"/>
</kw>
<kw name="Fill Text" library="Browser">
<arg>${input_email}</arg>
<arg>${email}</arg>
<tag>PageContent</tag>
<tag>Setter</tag>
<doc>Clears and fills the given ``txt`` into the text field found by ``selector``.</doc>
<msg timestamp="20211125 01:49:22.001" level="INFO">Fills the text 'gabiolson+211225@gmail.com' in the given field.</msg>
<status status="PASS" starttime="20211125 01:49:22.000" endtime="20211125 01:49:22.052"/>
</kw>
<kw name="Fill Text" library="Browser">
<arg>${input_password}</arg>
<arg>${password}</arg>
<tag>PageContent</tag>
<tag>Setter</tag>
<doc>Clears and fills the given ``txt`` into the text field found by ``selector``.</doc>
<msg timestamp="20211125 01:49:22.053" level="INFO">Fills the text '@123456' in the given field.</msg>
<status status="PASS" starttime="20211125 01:49:22.052" endtime="20211125 01:49:22.083"/>
</kw>
<kw name="Click" library="Browser">
<arg>${input_submit_register}</arg>
<tag>PageContent</tag>
<tag>Setter</tag>
<doc>Simulates mouse click on the element found by ``selector``.</doc>
<status status="PASS" starttime="20211125 01:49:22.084" endtime="20211125 01:49:22.943"/>
</kw>
<status status="PASS" starttime="20211125 01:49:21.299" endtime="20211125 01:49:22.944"/>
</kw>
<kw name="Login" library="Login">
<arg>${email}</arg>
<arg>${password}</arg>
<kw name="Wait For Elements State" library="Browser">
<arg>${seuBarriga_text_login}</arg>
<arg>visible</arg>
<tag>PageContent</tag>
<tag>Wait</tag>
<doc>Waits for the element found by ``selector`` to satisfy state option.</doc>
<msg timestamp="20211125 01:49:23.003" level="INFO">Waited for Element with selector xpath=//a[text()='Login'] at state visible</msg>
<status status="PASS" starttime="20211125 01:49:22.945" endtime="20211125 01:49:23.003"/>
</kw>
<kw name="Click" library="Browser">
<arg>${seuBarriga_text_login}</arg>
<tag>PageContent</tag>
<tag>Setter</tag>
<doc>Simulates mouse click on the element found by ``selector``.</doc>
<status status="PASS" starttime="20211125 01:49:23.003" endtime="20211125 01:49:23.278"/>
</kw>
<kw name="Get Text" library="Browser">
<var>${text_login}</var>
<arg>${seuBarriga_text_login}</arg>
<tag>Assertion</tag>
<tag>Getter</tag>
<tag>PageContent</tag>
<doc>Returns text attribute of the element found by ``selector``.</doc>
<msg timestamp="20211125 01:49:23.351" level="INFO">${text_login} = Login</msg>
<status status="PASS" starttime="20211125 01:49:23.279" endtime="20211125 01:49:23.351"/>
</kw>
<kw name="Should Be Equal" library="BuiltIn">
<arg>${text_login}</arg>
<arg>Login</arg>
<doc>Fails if the given objects are unequal.</doc>
<status status="PASS" starttime="20211125 01:49:23.351" endtime="20211125 01:49:23.352"/>
</kw>
<kw name="Fill Text" library="Browser">
<arg>${input_email}</arg>
<arg>${email}</arg>
<tag>PageContent</tag>
<tag>Setter</tag>
<doc>Clears and fills the given ``txt`` into the text field found by ``selector``.</doc>
<msg timestamp="20211125 01:49:23.352" level="INFO">Fills the text 'gabiolson+211225@gmail.com' in the given field.</msg>
<status status="PASS" starttime="20211125 01:49:23.352" endtime="20211125 01:49:23.382"/>
</kw>
<kw name="Fill Text" library="Browser">
<arg>${input_password}</arg>
<arg>${password}</arg>
<tag>PageContent</tag>
<tag>Setter</tag>
<doc>Clears and fills the given ``txt`` into the text field found by ``selector``.</doc>
<msg timestamp="20211125 01:49:23.383" level="INFO">Fills the text '@123456' in the given field.</msg>
<status status="PASS" starttime="20211125 01:49:23.382" endtime="20211125 01:49:23.418"/>
</kw>
<kw name="Click" library="Browser">
<arg>${button_enter}</arg>
<tag>PageContent</tag>
<tag>Setter</tag>
<doc>Simulates mouse click on the element found by ``selector``.</doc>
<status status="PASS" starttime="20211125 01:49:23.419" endtime="20211125 01:49:24.070"/>
</kw>
<kw name="Wait For Elements State" library="Browser">
<arg>${welcome_page}</arg>
<arg>visible</arg>
<tag>PageContent</tag>
<tag>Wait</tag>
<doc>Waits for the element found by ``selector`` to satisfy state option.</doc>
<msg timestamp="20211125 01:49:24.125" level="INFO">Waited for Element with selector css=.alert-success at state visible</msg>
<status status="PASS" starttime="20211125 01:49:24.071" endtime="20211125 01:49:24.126"/>
</kw>
<kw name="Get Text" library="Browser">
<var>${welcome_text}</var>
<arg>${welcome_page}</arg>
<tag>Assertion</tag>
<tag>Getter</tag>
<tag>PageContent</tag>
<doc>Returns text attribute of the element found by ``selector``.</doc>
<msg timestamp="20211125 01:49:24.153" level="INFO">${welcome_text} = Bem vindo, Gabriela Olson!</msg>
<status status="PASS" starttime="20211125 01:49:24.126" endtime="20211125 01:49:24.153"/>
</kw>
<kw name="Should Contain" library="BuiltIn">
<arg>${welcome_text}</arg>
<arg>Bem vindo</arg>
<doc>Fails if ``container`` does not contain ``item`` one or more times.</doc>
<status status="PASS" starttime="20211125 01:49:24.153" endtime="20211125 01:49:24.153"/>
</kw>
<status status="PASS" starttime="20211125 01:49:22.944" endtime="20211125 01:49:24.154"/>
</kw>
<kw name="Add Account Expenses" library="Add_accounts">
<arg>General bills</arg>
<kw name="Click" library="Browser">
<arg>${add_bills}</arg>
<tag>PageContent</tag>
<tag>Setter</tag>
<doc>Simulates mouse click on the element found by ``selector``.</doc>
<status status="PASS" starttime="20211125 01:49:24.155" endtime="20211125 01:49:24.208"/>
</kw>
<kw name="Click" library="Browser">
<arg>${add_option}</arg>
<tag>PageContent</tag>
<tag>Setter</tag>
<doc>Simulates mouse click on the element found by ``selector``.</doc>
<status status="PASS" starttime="20211125 01:49:24.209" endtime="20211125 01:49:24.523"/>
</kw>
<kw name="Fill Text" library="Browser">
<arg>${input_name_bill}</arg>
<arg>${expense_title}</arg>
<tag>PageContent</tag>
<tag>Setter</tag>
<doc>Clears and fills the given ``txt`` into the text field found by ``selector``.</doc>
<msg timestamp="20211125 01:49:24.524" level="INFO">Fills the text 'General bills' in the given field.</msg>
<status status="PASS" starttime="20211125 01:49:24.523" endtime="20211125 01:49:24.559"/>
</kw>
<kw name="Click" library="Browser">
<arg>${save_button}</arg>
<tag>PageContent</tag>
<tag>Setter</tag>
<doc>Simulates mouse click on the element found by ``selector``.</doc>
<status status="PASS" starttime="20211125 01:49:24.559" endtime="20211125 01:49:24.829"/>
</kw>
<status status="PASS" starttime="20211125 01:49:24.154" endtime="20211125 01:49:24.829"/>
</kw>
<kw name="Add Account Expenses" library="Add_accounts">
<arg>Home expenses</arg>
<kw name="Click" library="Browser">
<arg>${add_bills}</arg>
<tag>PageContent</tag>
<tag>Setter</tag>
<doc>Simulates mouse click on the element found by ``selector``.</doc>
<status status="PASS" starttime="20211125 01:49:24.834" endtime="20211125 01:49:24.926"/>
</kw>
<kw name="Click" library="Browser">
<arg>${add_option}</arg>
<tag>PageContent</tag>
<tag>Setter</tag>
<doc>Simulates mouse click on the element found by ``selector``.</doc>
<status status="PASS" starttime="20211125 01:49:24.927" endtime="20211125 01:49:25.182"/>
</kw>
<kw name="Fill Text" library="Browser">
<arg>${input_name_bill}</arg>
<arg>${expense_title}</arg>
<tag>PageContent</tag>
<tag>Setter</tag>
<doc>Clears and fills the given ``txt`` into the text field found by ``selector``.</doc>
<msg timestamp="20211125 01:49:25.183" level="INFO">Fills the text 'Home expenses' in the given field.</msg>
<status status="PASS" starttime="20211125 01:49:25.182" endtime="20211125 01:49:25.225"/>
</kw>
<kw name="Click" library="Browser">
<arg>${save_button}</arg>
<tag>PageContent</tag>
<tag>Setter</tag>
<doc>Simulates mouse click on the element found by ``selector``.</doc>
<status status="PASS" starttime="20211125 01:49:25.225" endtime="20211125 01:49:25.505"/>
</kw>
<status status="PASS" starttime="20211125 01:49:24.830" endtime="20211125 01:49:25.506"/>
</kw>
<kw name="Add Account Revenues" library="Add_accounts">
<arg>Rent</arg>
<kw name="Click" library="Browser">
<arg>${add_bills}</arg>
<tag>PageContent</tag>
<tag>Setter</tag>
<doc>Simulates mouse click on the element found by ``selector``.</doc>
<status status="PASS" starttime="20211125 01:49:25.507" endtime="20211125 01:49:25.573"/>
</kw>
<kw name="Click" library="Browser">
<arg>${add_option}</arg>
<tag>PageContent</tag>
<tag>Setter</tag>
<doc>Simulates mouse click on the element found by ``selector``.</doc>
<status status="PASS" starttime="20211125 01:49:25.573" endtime="20211125 01:49:25.824"/>
</kw>
<kw name="Fill Text" library="Browser">
<arg>${input_name_bill}</arg>
<arg>${revenue_title}</arg>
<tag>PageContent</tag>
<tag>Setter</tag>
<doc>Clears and fills the given ``txt`` into the text field found by ``selector``.</doc>
<msg timestamp="20211125 01:49:25.825" level="INFO">Fills the text 'Rent' in the given field.</msg>
<status status="PASS" starttime="20211125 01:49:25.825" endtime="20211125 01:49:25.862"/>
</kw>
<kw name="Click" library="Browser">
<arg>${save_button}</arg>
<tag>PageContent</tag>
<tag>Setter</tag>
<doc>Simulates mouse click on the element found by ``selector``.</doc>
<status status="PASS" starttime="20211125 01:49:25.862" endtime="20211125 01:49:26.136"/>
</kw>
<status status="PASS" starttime="20211125 01:49:25.506" endtime="20211125 01:49:26.137"/>
</kw>
<kw name="Add Account Revenues" library="Add_accounts">
<arg>Other receipt</arg>
<kw name="Click" library="Browser">
<arg>${add_bills}</arg>
<tag>PageContent</tag>
<tag>Setter</tag>
<doc>Simulates mouse click on the element found by ``selector``.</doc>
<status status="PASS" starttime="20211125 01:49:26.139" endtime="20211125 01:49:26.228"/>
</kw>
<kw name="Click" library="Browser">
<arg>${add_option}</arg>
<tag>PageContent</tag>
<tag>Setter</tag>
<doc>Simulates mouse click on the element found by ``selector``.</doc>
<status status="PASS" starttime="20211125 01:49:26.228" endtime="20211125 01:49:26.461"/>
</kw>
<kw name="Fill Text" library="Browser">
<arg>${input_name_bill}</arg>
<arg>${revenue_title}</arg>
<tag>PageContent</tag>
<tag>Setter</tag>
<doc>Clears and fills the given ``txt`` into the text field found by ``selector``.</doc>
<msg timestamp="20211125 01:49:26.462" level="INFO">Fills the text 'Other receipt' in the given field.</msg>
<status status="PASS" starttime="20211125 01:49:26.461" endtime="20211125 01:49:26.520"/>
</kw>
<kw name="Click" library="Browser">
<arg>${save_button}</arg>
<tag>PageContent</tag>
<tag>Setter</tag>
<doc>Simulates mouse click on the element found by ``selector``.</doc>
<status status="PASS" starttime="20211125 01:49:26.520" endtime="20211125 01:49:26.804"/>
</kw>
<status status="PASS" starttime="20211125 01:49:26.137" endtime="20211125 01:49:26.804"/>
</kw>
<kw name="Wait Until Keyword Succeeds" library="BuiltIn">
<arg>2x</arg>
<arg>10s</arg>
<arg>Create movement expense pending</arg>
<doc>Runs the specified keyword and retries if it fails.</doc>
<kw name="Create movement expense pending" library="Movements">
<kw name="Click" library="Browser">
<arg>${navbar_create_movement}</arg>
<tag>PageContent</tag>
<tag>Setter</tag>
<doc>Simulates mouse click on the element found by ``selector``.</doc>
<status status="PASS" starttime="20211125 01:49:26.806" endtime="20211125 01:49:27.086"/>
</kw>
<kw name="Wait For Elements State" library="Browser">
<arg>${type_of_movement_text}</arg>
<tag>PageContent</tag>
<tag>Wait</tag>
<doc>Waits for the element found by ``selector`` to satisfy state option.</doc>
<msg timestamp="20211125 01:49:27.164" level="INFO">Waited for Element with selector xpath=//label[text()='Tipo da Movimentação'] at state visible</msg>
<status status="PASS" starttime="20211125 01:49:27.086" endtime="20211125 01:49:27.164"/>
</kw>
<kw name="Select Options By" library="Browser">
<arg>${select_type_of_movement}</arg>
<arg>text</arg>
<arg>Despesa</arg>
<tag>PageContent</tag>
<tag>Setter</tag>
<doc>Selects options from select element found by ``selector``.</doc>
<status status="PASS" starttime="20211125 01:49:27.165" endtime="20211125 01:49:27.193"/>
</kw>
<kw name="Set transaction date" library="Movements">
<arg>23/10/2021</arg>
<kw name="Fill Text" library="Browser">
<arg>${input_transaction_date}</arg>
<arg>${transaction_date}</arg>
<tag>PageContent</tag>
<tag>Setter</tag>
<doc>Clears and fills the given ``txt`` into the text field found by ``selector``.</doc>
<msg timestamp="20211125 01:49:27.194" level="INFO">Fills the text '23/10/2021' in the given field.</msg>
<status status="PASS" starttime="20211125 01:49:27.194" endtime="20211125 01:49:27.225"/>
</kw>
<status status="PASS" starttime="20211125 01:49:27.193" endtime="20211125 01:49:27.225"/>
</kw>
<kw name="Set payment date" library="Movements">
<arg>23/11/2021</arg>
<kw name="Fill Text" library="Browser">
<arg>${input_payment_date}</arg>
<arg>${payment_date}</arg>
<tag>PageContent</tag>
<tag>Setter</tag>
<doc>Clears and fills the given ``txt`` into the text field found by ``selector``.</doc>
<msg timestamp="20211125 01:49:27.226" level="INFO">Fills the text '23/11/2021' in the given field.</msg>
<status status="PASS" starttime="20211125 01:49:27.226" endtime="20211125 01:49:27.260"/>
</kw>
<status status="PASS" starttime="20211125 01:49:27.225" endtime="20211125 01:49:27.260"/>
</kw>
<kw name="Set description" library="Movements">
<arg>Eletricity</arg>
<kw name="Fill Text" library="Browser">
<arg>${input_description}</arg>
<arg>${description}</arg>
<tag>PageContent</tag>
<tag>Setter</tag>
<doc>Clears and fills the given ``txt`` into the text field found by ``selector``.</doc>
<msg timestamp="20211125 01:49:27.262" level="INFO">Fills the text 'Eletricity' in the given field.</msg>
<status status="PASS" starttime="20211125 01:49:27.261" endtime="20211125 01:49:27.298"/>
</kw>
<status status="PASS" starttime="20211125 01:49:27.260" endtime="20211125 01:49:27.298"/>
</kw>
<kw name="Set interested" library="Movements">
<arg>Gabriela</arg>
<kw name="Fill Text" library="Browser">
<arg>${input_interested}</arg>
<arg>${interested}</arg>
<tag>PageContent</tag>
<tag>Setter</tag>
<doc>Clears and fills the given ``txt`` into the text field found by ``selector``.</doc>
<msg timestamp="20211125 01:49:27.300" level="INFO">Fills the text 'Gabriela' in the given field.</msg>
<status status="PASS" starttime="20211125 01:49:27.299" endtime="20211125 01:49:27.339"/>
</kw>
<status status="PASS" starttime="20211125 01:49:27.298" endtime="20211125 01:49:27.339"/>
</kw>
<kw name="Set value" library="Movements">
<arg>200</arg>
<kw name="Fill Text" library="Browser">
<arg>${input_value}</arg>
<arg>${value}</arg>
<tag>PageContent</tag>
<tag>Setter</tag>
<doc>Clears and fills the given ``txt`` into the text field found by ``selector``.</doc>
<msg timestamp="20211125 01:49:27.341" level="INFO">Fills the text '200' in the given field.</msg>
<status status="PASS" starttime="20211125 01:49:27.340" endtime="20211125 01:49:27.381"/>
</kw>
<status status="PASS" starttime="20211125 01:49:27.340" endtime="20211125 01:49:27.381"/>
</kw>
<kw name="Wait For Elements State" library="Browser">
<arg>${select_account}</arg>
<arg>visible</arg>
<tag>PageContent</tag>
<tag>Wait</tag>
<doc>Waits for the element found by ``selector`` to satisfy state option.</doc>
<msg timestamp="20211125 01:49:27.400" level="INFO">Waited for Element with selector select[name=conta] at state visible</msg>
<status status="PASS" starttime="20211125 01:49:27.382" endtime="20211125 01:49:27.401"/>
</kw>
<kw name="Select Options By" library="Browser">
<arg>${select_account}</arg>
<arg>text</arg>
<arg>General bills</arg>
<tag>PageContent</tag>
<tag>Setter</tag>
<doc>Selects options from select element found by ``selector``.</doc>
<status status="PASS" starttime="20211125 01:49:27.401" endtime="20211125 01:49:27.427"/>
</kw>
<kw name="Click" library="Browser">
<arg>${input_radio_pending}</arg>
<tag>PageContent</tag>
<tag>Setter</tag>
<doc>Simulates mouse click on the element found by ``selector``.</doc>
<status status="PASS" starttime="20211125 01:49:27.427" endtime="20211125 01:49:27.505"/>
</kw>
<kw name="Click" library="Browser">
<arg>${button_save}</arg>
<tag>PageContent</tag>
<tag>Setter</tag>
<doc>Simulates mouse click on the element found by ``selector``.</doc>
<status status="PASS" starttime="20211125 01:49:27.505" endtime="20211125 01:49:27.784"/>
</kw>
<kw name="Wait For Elements State" library="Browser">
<arg>${alert_success}</arg>
<arg>visible</arg>
<tag>PageContent</tag>
<tag>Wait</tag>
<doc>Waits for the element found by ``selector`` to satisfy state option.</doc>
<msg timestamp="20211125 01:49:27.854" level="INFO">Waited for Element with selector div.alert.alert-success at state visible</msg>
<status status="PASS" starttime="20211125 01:49:27.784" endtime="20211125 01:49:27.855"/>
</kw>
<status status="PASS" starttime="20211125 01:49:26.805" endtime="20211125 01:49:27.855"/>
</kw>
<status status="PASS" starttime="20211125 01:49:26.805" endtime="20211125 01:49:27.855"/>
</kw>
<kw name="Wait Until Keyword Succeeds" library="BuiltIn">
<arg>2x</arg>
<arg>10s</arg>
<arg>Create movement expense paid</arg>
<doc>Runs the specified keyword and retries if it fails.</doc>
<kw name="Create movement expense paid" library="Movements">
<kw name="Click" library="Browser">
<arg>${navbar_create_movement}</arg>
<tag>PageContent</tag>
<tag>Setter</tag>
<doc>Simulates mouse click on the element found by ``selector``.</doc>
<status status="PASS" starttime="20211125 01:49:27.857" endtime="20211125 01:49:28.124"/>
</kw>
<kw name="Wait For Elements State" library="Browser">
<arg>${type_of_movement_text}</arg>
<tag>PageContent</tag>
<tag>Wait</tag>
<doc>Waits for the element found by ``selector`` to satisfy state option.</doc>
<msg timestamp="20211125 01:49:28.158" level="INFO">Waited for Element with selector xpath=//label[text()='Tipo da Movimentação'] at state visible</msg>
<status status="PASS" starttime="20211125 01:49:28.124" endtime="20211125 01:49:28.158"/>
</kw>
<kw name="Select Options By" library="Browser">
<arg>${select_type_of_movement}</arg>
<arg>text</arg>
<arg>Despesa</arg>
<tag>PageContent</tag>
<tag>Setter</tag>
<doc>Selects options from select element found by ``selector``.</doc>
<status status="PASS" starttime="20211125 01:49:28.159" endtime="20211125 01:49:28.194"/>
</kw>
<kw name="Set transaction date" library="Movements">
<arg>23/10/2021</arg>
<kw name="Fill Text" library="Browser">
<arg>${input_transaction_date}</arg>
<arg>${transaction_date}</arg>
<tag>PageContent</tag>
<tag>Setter</tag>
<doc>Clears and fills the given ``txt`` into the text field found by ``selector``.</doc>
<msg timestamp="20211125 01:49:28.197" level="INFO">Fills the text '23/10/2021' in the given field.</msg>
<status status="PASS" starttime="20211125 01:49:28.196" endtime="20211125 01:49:28.227"/>
</kw>
<status status="PASS" starttime="20211125 01:49:28.195" endtime="20211125 01:49:28.228"/>
</kw>
<kw name="Set payment date" library="Movements">
<arg>23/11/2021</arg>
<kw name="Fill Text" library="Browser">
<arg>${input_payment_date}</arg>
<arg>${payment_date}</arg>
<tag>PageContent</tag>
<tag>Setter</tag>
<doc>Clears and fills the given ``txt`` into the text field found by ``selector``.</doc>
<msg timestamp="20211125 01:49:28.229" level="INFO">Fills the text '23/11/2021' in the given field.</msg>
<status status="PASS" starttime="20211125 01:49:28.228" endtime="20211125 01:49:28.259"/>
</kw>
<status status="PASS" starttime="20211125 01:49:28.228" endtime="20211125 01:49:28.259"/>
</kw>
<kw name="Set description" library="Movements">
<arg>Rent</arg>
<kw name="Fill Text" library="Browser">
<arg>${input_description}</arg>
<arg>${description}</arg>
<tag>PageContent</tag>
<tag>Setter</tag>
<doc>Clears and fills the given ``txt`` into the text field found by ``selector``.</doc>
<msg timestamp="20211125 01:49:28.260" level="INFO">Fills the text 'Rent' in the given field.</msg>
<status status="PASS" starttime="20211125 01:49:28.260" endtime="20211125 01:49:28.290"/>
</kw>
<status status="PASS" starttime="20211125 01:49:28.259" endtime="20211125 01:49:28.290"/>
</kw>
<kw name="Set interested" library="Movements">
<arg>Gabriela</arg>
<kw name="Fill Text" library="Browser">
<arg>${input_interested}</arg>
<arg>${interested}</arg>
<tag>PageContent</tag>
<tag>Setter</tag>
<doc>Clears and fills the given ``txt`` into the text field found by ``selector``.</doc>
<msg timestamp="20211125 01:49:28.293" level="INFO">Fills the text 'Gabriela' in the given field.</msg>
<status status="PASS" starttime="20211125 01:49:28.292" endtime="20211125 01:49:28.340"/>
</kw>
<status status="PASS" starttime="20211125 01:49:28.291" endtime="20211125 01:49:28.341"/>
</kw>
<kw name="Set value" library="Movements">
<arg>2000</arg>
<kw name="Fill Text" library="Browser">
<arg>${input_value}</arg>
<arg>${value}</arg>
<tag>PageContent</tag>
<tag>Setter</tag>
<doc>Clears and fills the given ``txt`` into the text field found by ``selector``.</doc>
<msg timestamp="20211125 01:49:28.343" level="INFO">Fills the text '2000' in the given field.</msg>
<status status="PASS" starttime="20211125 01:49:28.342" endtime="20211125 01:49:28.373"/>
</kw>
<status status="PASS" starttime="20211125 01:49:28.341" endtime="20211125 01:49:28.373"/>
</kw>
<kw name="Wait For Elements State" library="Browser">
<arg>${select_account}</arg>
<arg>visible</arg>
<tag>PageContent</tag>
<tag>Wait</tag>
<doc>Waits for the element found by ``selector`` to satisfy state option.</doc>
<msg timestamp="20211125 01:49:28.387" level="INFO">Waited for Element with selector select[name=conta] at state visible</msg>
<status status="PASS" starttime="20211125 01:49:28.374" endtime="20211125 01:49:28.387"/>
</kw>
<kw name="Select Options By" library="Browser">
<arg>${select_account}</arg>
<arg>text</arg>
<arg>Home expenses</arg>
<tag>PageContent</tag>
<tag>Setter</tag>
<doc>Selects options from select element found by ``selector``.</doc>
<status status="PASS" starttime="20211125 01:49:28.388" endtime="20211125 01:49:28.412"/>
</kw>
<kw name="Click" library="Browser">
<arg>${input_radio_paid}</arg>
<tag>PageContent</tag>
<tag>Setter</tag>
<doc>Simulates mouse click on the element found by ``selector``.</doc>
<status status="PASS" starttime="20211125 01:49:28.412" endtime="20211125 01:49:28.471"/>
</kw>
<kw name="Click" library="Browser">
<arg>${button_save}</arg>
<tag>PageContent</tag>
<tag>Setter</tag>
<doc>Simulates mouse click on the element found by ``selector``.</doc>
<status status="PASS" starttime="20211125 01:49:28.472" endtime="20211125 01:49:28.754"/>
</kw>
<kw name="Wait For Elements State" library="Browser">
<arg>${alert_success}</arg>
<arg>visible</arg>
<tag>PageContent</tag>
<tag>Wait</tag>
<doc>Waits for the element found by ``selector`` to satisfy state option.</doc>
<msg timestamp="20211125 01:49:28.793" level="INFO">Waited for Element with selector div.alert.alert-success at state visible</msg>
<status status="PASS" starttime="20211125 01:49:28.754" endtime="20211125 01:49:28.793"/>
</kw>
<status status="PASS" starttime="20211125 01:49:27.856" endtime="20211125 01:49:28.793"/>
</kw>
<status status="PASS" starttime="20211125 01:49:27.855" endtime="20211125 01:49:28.793"/>
</kw>
<kw name="Wait Until Keyword Succeeds" library="BuiltIn">
<arg>2x</arg>
<arg>10s</arg>
<arg>Create movement revenue pending</arg>
<doc>Runs the specified keyword and retries if it fails.</doc>
<kw name="Create movement revenue pending" library="Movements">
<kw name="Click" library="Browser">
<arg>${navbar_create_movement}</arg>
<tag>PageContent</tag>
<tag>Setter</tag>
<doc>Simulates mouse click on the element found by ``selector``.</doc>
<status status="PASS" starttime="20211125 01:49:28.795" endtime="20211125 01:49:29.057"/>
</kw>
<kw name="Wait For Elements State" library="Browser">
<arg>${type_of_movement_text}</arg>
<tag>PageContent</tag>
<tag>Wait</tag>
<doc>Waits for the element found by ``selector`` to satisfy state option.</doc>
<msg timestamp="20211125 01:49:29.120" level="INFO">Waited for Element with selector xpath=//label[text()='Tipo da Movimentação'] at state visible</msg>
<status status="PASS" starttime="20211125 01:49:29.057" endtime="20211125 01:49:29.121"/>
</kw>
<kw name="Select Options By" library="Browser">
<arg>${select_type_of_movement}</arg>
<arg>text</arg>
<arg>Receita</arg>
<tag>PageContent</tag>
<tag>Setter</tag>
<doc>Selects options from select element found by ``selector``.</doc>
<status status="PASS" starttime="20211125 01:49:29.121" endtime="20211125 01:49:29.145"/>
</kw>
<kw name="Set transaction date" library="Movements">
<arg>23/10/2021</arg>
<kw name="Fill Text" library="Browser">
<arg>${input_transaction_date}</arg>
<arg>${transaction_date}</arg>
<tag>PageContent</tag>
<tag>Setter</tag>
<doc>Clears and fills the given ``txt`` into the text field found by ``selector``.</doc>
<msg timestamp="20211125 01:49:29.146" level="INFO">Fills the text '23/10/2021' in the given field.</msg>
<status status="PASS" starttime="20211125 01:49:29.146" endtime="20211125 01:49:29.182"/>
</kw>
<status status="PASS" starttime="20211125 01:49:29.145" endtime="20211125 01:49:29.183"/>
</kw>
<kw name="Set payment date" library="Movements">
<arg>23/11/2021</arg>
<kw name="Fill Text" library="Browser">
<arg>${input_payment_date}</arg>
<arg>${payment_date}</arg>
<tag>PageContent</tag>
<tag>Setter</tag>
<doc>Clears and fills the given ``txt`` into the text field found by ``selector``.</doc>
<msg timestamp="20211125 01:49:29.185" level="INFO">Fills the text '23/11/2021' in the given field.</msg>
<status status="PASS" starttime="20211125 01:49:29.183" endtime="20211125 01:49:29.212"/>
</kw>
<status status="PASS" starttime="20211125 01:49:29.183" endtime="20211125 01:49:29.213"/>
</kw>
<kw name="Set description" library="Movements">
<arg>Eletricity</arg>
<kw name="Fill Text" library="Browser">
<arg>${input_description}</arg>
<arg>${description}</arg>
<tag>PageContent</tag>
<tag>Setter</tag>
<doc>Clears and fills the given ``txt`` into the text field found by ``selector``.</doc>
<msg timestamp="20211125 01:49:29.214" level="INFO">Fills the text 'Eletricity' in the given field.</msg>
<status status="PASS" starttime="20211125 01:49:29.213" endtime="20211125 01:49:29.244"/>
</kw>
<status status="PASS" starttime="20211125 01:49:29.213" endtime="20211125 01:49:29.244"/>
</kw>
<kw name="Set interested" library="Movements">
<arg>Gabriela</arg>
<kw name="Fill Text" library="Browser">
<arg>${input_interested}</arg>
<arg>${interested}</arg>
<tag>PageContent</tag>
<tag>Setter</tag>
<doc>Clears and fills the given ``txt`` into the text field found by ``selector``.</doc>
<msg timestamp="20211125 01:49:29.245" level="INFO">Fills the text 'Gabriela' in the given field.</msg>
<status status="PASS" starttime="20211125 01:49:29.245" endtime="20211125 01:49:29.279"/>
</kw>
<status status="PASS" starttime="20211125 01:49:29.244" endtime="20211125 01:49:29.279"/>
</kw>
<kw name="Set value" library="Movements">
<arg>200</arg>
<kw name="Fill Text" library="Browser">
<arg>${input_value}</arg>
<arg>${value}</arg>
<tag>PageContent</tag>
<tag>Setter</tag>
<doc>Clears and fills the given ``txt`` into the text field found by ``selector``.</doc>
<msg timestamp="20211125 01:49:29.281" level="INFO">Fills the text '200' in the given field.</msg>
<status status="PASS" starttime="20211125 01:49:29.280" endtime="20211125 01:49:29.309"/>
</kw>
<status status="PASS" starttime="20211125 01:49:29.279" endtime="20211125 01:49:29.310"/>
</kw>
<kw name="Wait For Elements State" library="Browser">
<arg>${select_account}</arg>
<arg>visible</arg>
<tag>PageContent</tag>
<tag>Wait</tag>
<doc>Waits for the element found by ``selector`` to satisfy state option.</doc>
<msg timestamp="20211125 01:49:29.324" level="INFO">Waited for Element with selector select[name=conta] at state visible</msg>
<status status="PASS" starttime="20211125 01:49:29.310" endtime="20211125 01:49:29.325"/>
</kw>
<kw name="Select Options By" library="Browser">
<arg>${select_account}</arg>
<arg>text</arg>
<arg>Rent</arg>
<tag>PageContent</tag>
<tag>Setter</tag>
<doc>Selects options from select element found by ``selector``.</doc>
<status status="PASS" starttime="20211125 01:49:29.325" endtime="20211125 01:49:29.350"/>
</kw>
<kw name="Click" library="Browser">
<arg>${input_radio_pending}</arg>
<tag>PageContent</tag>
<tag>Setter</tag>
<doc>Simulates mouse click on the element found by ``selector``.</doc>
<status status="PASS" starttime="20211125 01:49:29.351" endtime="20211125 01:49:29.407"/>
</kw>
<kw name="Click" library="Browser">
<arg>${button_save}</arg>
<tag>PageContent</tag>
<tag>Setter</tag>
<doc>Simulates mouse click on the element found by ``selector``.</doc>
<status status="PASS" starttime="20211125 01:49:29.407" endtime="20211125 01:49:29.693"/>
</kw>
<kw name="Wait For Elements State" library="Browser">
<arg>${alert_success}</arg>
<arg>visible</arg>
<tag>PageContent</tag>
<tag>Wait</tag>
<doc>Waits for the element found by ``selector`` to satisfy state option.</doc>
<msg timestamp="20211125 01:49:29.743" level="INFO">Waited for Element with selector div.alert.alert-success at state visible</msg>
<status status="PASS" starttime="20211125 01:49:29.694" endtime="20211125 01:49:29.743"/>
</kw>
<status status="PASS" starttime="20211125 01:49:28.794" endtime="20211125 01:49:29.744"/>
</kw>
<status status="PASS" starttime="20211125 01:49:28.794" endtime="20211125 01:49:29.744"/>
</kw>
<kw name="Wait Until Keyword Succeeds" library="BuiltIn">
<arg>2x</arg>
<arg>10s</arg>
<arg>Create movement revenue paid</arg>
<doc>Runs the specified keyword and retries if it fails.</doc>
<kw name="Create movement revenue paid" library="Movements">
<kw name="Click" library="Browser">
<arg>${navbar_create_movement}</arg>
<tag>PageContent</tag>
<tag>Setter</tag>
<doc>Simulates mouse click on the element found by ``selector``.</doc>
<status status="PASS" starttime="20211125 01:49:29.746" endtime="20211125 01:49:30.039"/>
</kw>
<kw name="Wait For Elements State" library="Browser">
<arg>${type_of_movement_text}</arg>
<tag>PageContent</tag>
<tag>Wait</tag>
<doc>Waits for the element found by ``selector`` to satisfy state option.</doc>
<msg timestamp="20211125 01:49:30.081" level="INFO">Waited for Element with selector xpath=//label[text()='Tipo da Movimentação'] at state visible</msg>
<status status="PASS" starttime="20211125 01:49:30.039" endtime="20211125 01:49:30.082"/>
</kw>
<kw name="Select Options By" library="Browser">
<arg>${select_type_of_movement}</arg>
<arg>text</arg>
<arg>Receita</arg>
<tag>PageContent</tag>
<tag>Setter</tag>
<doc>Selects options from select element found by ``selector``.</doc>
<status status="PASS" starttime="20211125 01:49:30.082" endtime="20211125 01:49:30.119"/>
</kw>
<kw name="Set transaction date" library="Movements">
<arg>23/10/2021</arg>
<kw name="Fill Text" library="Browser">
<arg>${input_transaction_date}</arg>
<arg>${transaction_date}</arg>
<tag>PageContent</tag>
<tag>Setter</tag>
<doc>Clears and fills the given ``txt`` into the text field found by ``selector``.</doc>
<msg timestamp="20211125 01:49:30.122" level="INFO">Fills the text '23/10/2021' in the given field.</msg>
<status status="PASS" starttime="20211125 01:49:30.121" endtime="20211125 01:49:30.160"/>
</kw>
<status status="PASS" starttime="20211125 01:49:30.120" endtime="20211125 01:49:30.160"/>
</kw>
<kw name="Set payment date" library="Movements">
<arg>23/11/2021</arg>
<kw name="Fill Text" library="Browser">
<arg>${input_payment_date}</arg>
<arg>${payment_date}</arg>
<tag>PageContent</tag>
<tag>Setter</tag>
<doc>Clears and fills the given ``txt`` into the text field found by ``selector``.</doc>
<msg timestamp="20211125 01:49:30.161" level="INFO">Fills the text '23/11/2021' in the given field.</msg>
<status status="PASS" starttime="20211125 01:49:30.161" endtime="20211125 01:49:30.206"/>
</kw>
<status status="PASS" starttime="20211125 01:49:30.160" endtime="20211125 01:49:30.206"/>
</kw>
<kw name="Set description" library="Movements">
<arg>Other</arg>
<kw name="Fill Text" library="Browser">
<arg>${input_description}</arg>
<arg>${description}</arg>
<tag>PageContent</tag>
<tag>Setter</tag>
<doc>Clears and fills the given ``txt`` into the text field found by ``selector``.</doc>
<msg timestamp="20211125 01:49:30.207" level="INFO">Fills the text 'Other' in the given field.</msg>
<status status="PASS" starttime="20211125 01:49:30.207" endtime="20211125 01:49:30.261"/>
</kw>
<status status="PASS" starttime="20211125 01:49:30.206" endtime="20211125 01:49:30.262"/>
</kw>
<kw name="Set interested" library="Movements">
<arg>Gabriela</arg>
<kw name="Fill Text" library="Browser">
<arg>${input_interested}</arg>
<arg>${interested}</arg>
<tag>PageContent</tag>
<tag>Setter</tag>
<doc>Clears and fills the given ``txt`` into the text field found by ``selector``.</doc>
<msg timestamp="20211125 01:49:30.264" level="INFO">Fills the text 'Gabriela' in the given field.</msg>
<status status="PASS" starttime="20211125 01:49:30.263" endtime="20211125 01:49:30.294"/>
</kw>
<status status="PASS" starttime="20211125 01:49:30.262" endtime="20211125 01:49:30.294"/>
</kw>
<kw name="Set value" library="Movements">
<arg>1500</arg>
<kw name="Fill Text" library="Browser">
<arg>${input_value}</arg>
<arg>${value}</arg>
<tag>PageContent</tag>
<tag>Setter</tag>
<doc>Clears and fills the given ``txt`` into the text field found by ``selector``.</doc>
<msg timestamp="20211125 01:49:30.297" level="INFO">Fills the text '1500' in the given field.</msg>
<status status="PASS" starttime="20211125 01:49:30.296" endtime="20211125 01:49:30.330"/>
</kw>
<status status="PASS" starttime="20211125 01:49:30.295" endtime="20211125 01:49:30.331"/>
</kw>
<kw name="Wait For Elements State" library="Browser">
<arg>${select_account}</arg>
<arg>visible</arg>
<tag>PageContent</tag>
<tag>Wait</tag>
<doc>Waits for the element found by ``selector`` to satisfy state option.</doc>
<msg timestamp="20211125 01:49:30.346" level="INFO">Waited for Element with selector select[name=conta] at state visible</msg>
<status status="PASS" starttime="20211125 01:49:30.331" endtime="20211125 01:49:30.347"/>
</kw>
<kw name="Select Options By" library="Browser">
<arg>${select_account}</arg>
<arg>text</arg>
<arg>Other receipt</arg>
<tag>PageContent</tag>
<tag>Setter</tag>
<doc>Selects options from select element found by ``selector``.</doc>
<status status="PASS" starttime="20211125 01:49:30.347" endtime="20211125 01:49:30.374"/>
</kw>
<kw name="Click" library="Browser">
<arg>${input_radio_paid}</arg>
<tag>PageContent</tag>
<tag>Setter</tag>
<doc>Simulates mouse click on the element found by ``selector``.</doc>
<status status="PASS" starttime="20211125 01:49:30.374" endtime="20211125 01:49:30.454"/>
</kw>
<kw name="Click" library="Browser">
<arg>${button_save}</arg>
<tag>PageContent</tag>
<tag>Setter</tag>
<doc>Simulates mouse click on the element found by ``selector``.</doc>
<status status="PASS" starttime="20211125 01:49:30.454" endtime="20211125 01:49:30.725"/>
</kw>
<kw name="Wait For Elements State" library="Browser">
<arg>${alert_success}</arg>
<arg>visible</arg>
<tag>PageContent</tag>
<tag>Wait</tag>
<doc>Waits for the element found by ``selector`` to satisfy state option.</doc>
<msg timestamp="20211125 01:49:30.776" level="INFO">Waited for Element with selector div.alert.alert-success at state visible</msg>
<status status="PASS" starttime="20211125 01:49:30.726" endtime="20211125 01:49:30.776"/>
</kw>
<status status="PASS" starttime="20211125 01:49:29.745" endtime="20211125 01:49:30.776"/>
</kw>
<status status="PASS" starttime="20211125 01:49:29.744" endtime="20211125 01:49:30.776"/>
</kw>
<status status="PASS" starttime="20211125 01:49:15.013" endtime="20211125 01:49:30.777"/>
</test>
<status status="PASS" starttime="20211125 01:49:13.632" endtime="20211125 01:49:30.944"/>
</suite>
<status status="PASS" starttime="20211125 01:49:13.584" endtime="20211125 01:49:30.953"/>
</suite>
<statistics>
<total>
<stat pass="1" fail="0" skip="0">All Tests</stat>
</total>
<tag>
</tag>
<suite>
<stat pass="1" fail="0" skip="0" id="s1" name="Tests">Tests</stat>
<stat pass="1" fail="0" skip="0" id="s1-s1" name="Create movement">Tests.Create movement</stat>
</suite>
</statistics>
<errors>
</errors>
</robot>
